New season at 13 Reasons Why | 13 Reasons Why : 3 -> 4
New season at Adventure Time With Finn And Jake | Adventure Time : 1 -> 10
Issue at T:\Seriály\Beastars durring lookup: Incomplete db
New season at Bridgertonovi | Bridgerton : 1 -> 3
New season at Brooklyn Nine Nine | Brooklyn Nine-Nine : 1 -> 8
New season at Cobra Kai | Cobra Kai : 2 -> 5
New season at DOTA Dragons Blood | Dota: Dragon's Blood : 1 -> 3
New season at Elite | Elite : 2 -> 6
Issue at T:\Seriály\Foundation
New season at Game of Thrones | Game of Thrones : 1 -> 8
New season at Gotham | Gotham : 1 -> 5
New season at Hannibal | Hannibal : 1 -> 3
New season at His Dark Materials | His Dark Materials : 1 -> 3
New season at How To Sell Drugs Online (Fast) | How to Sell Drugs Online (Fast) : 1 -> 3
New season at Infinity Train | Infinity Train : 3 -> 4
New season at Inside Job | Inside Job : 1 -> 2
Issue at T:\Seriály\Jméno Rùže durring lookup: Incomplete db
New season at Knihovníci | The Librarians : 2 -> 4
New season at Legacies | Legacies : 1 -> 4
New season at Love Death and Robots | Love, Death & Robots : 1 -> 3
New season at Lucifer | Lucifer : 5 -> 6
New season at MacGyver | MacGyver : 1 -> 7
New season at Malý Sheldon | Young Sheldon : 3 -> 6
New season at Medici | Medici : 2 -> 3
New season at Merlin | Merlin : 2 -> 5
New season at Mr. Robot | Mr. Robot : 2 -> 4
New season at My Hero Academia | My Hero Academia : 4 -> 5
New season at Peaky Blinders | Peaky Blinders : 1 -> 6
New season at Pokemon | Pokémon : 4 -> 25
New season at Pán Èasu | Doctor Who : 7 -> 13
New season at Re Zero | Re: Zero, Starting Life in Another World : 1 -> 2
New season at Riverdale | Riverdale : 1 -> 6
New season at SGC | Space Ghost Coast to Coast : 1 -> 12
Issue at T:\Seriály\Sherlock durring lookup: 4
Issue at T:\Seriály\Solar Opposites durring lookup: Incomplete db
New season at Spongebob v kalhotách | SpongeBob SquarePants : 11 -> 12
New season at Star Trek Hluboký vesmír devìt | Star Trek: Deep Space Nine : 1 -> 7
New season at Star Trek Picard | Star Trek: Picard : 1 -> 2
New season at Stranger Things | Stranger Things : 2 -> 4
New season at Teorie Velkého Tøesku | The Big Bang Theory : 4 -> 12
New season at The 100 | The 100 : 6 -> 7
Issue at T:\Seriály\The Boys durring lookup: 2
New season at The Crown | The Crown : 2 -> 5
Issue at T:\Seriály\The End of the Fucking World durring lookup: Incomplete db
New season at The Flash | The Flash : 3 -> 8
Issue at T:\Seriály\The Last of Us durring lookup: Incomplete db
New season at The Magicians | The Magicians : 1 -> 5
New season at The Mandalorian | The Mandalorian : 1 -> 3
New season at The Wheel of Time | The Wheel of Time : 1 -> 2
New season at Titans | Titans : 3 -> 4
Issue at T:\Seriály\Tlo
New season at Xena | Xena: Warrior Princess : 1 -> 6
